<?xml version="1.0" encoding="UTF-8"?>
<testsuite name="FlexTablePlugin.TestCases.WpPluginDirectoryPageTest" tests="2" skipped="1" failures="1" errors="0" timestamp="2025-12-06T05:32:58" hostname="acer" time="3.71">
  <properties/>
  <testcase name="activePluginShouldBeSuccessfulFromWpDirectoryPages" classname="FlexTablePlugin.TestCases.WpPluginDirectoryPageTest" time="3.697">
    <skipped/>
  </testcase>
  <testcase name="closeBrowser" classname="FlexTablePlugin.TestCases.WpPluginDirectoryPageTest" time="0.012">
    <failure message="org.openqa.selenium.NoSuchSessionException: Tried to run command without establishing a connection&#10;Build info: version: '4.25.0', revision: '8a8aea2337'&#10;System info: os.name: 'Linux', os.arch: 'amd64', os.version: '6.14.0-36-generic', java.version: '17.0.12'&#10;Driver info: org.openqa.selenium.firefox.FirefoxDriver&#10;Command: [9e95d3c1-fc80-4eaa-9180-522798a15f8d, quit {}]&#10;Capabilities {acceptInsecureCerts: true, browserName: firefox, browserVersion: 145.0.2, moz:accessibilityChecks: false, moz:buildID: 20251124145406, moz:geckodriverVersion: 0.36.0, moz:headless: false, moz:platformVersion: 6.14.0-36-generic, moz:processID: 28687, moz:profile: /tmp/rust_mozprofilepCxCac, moz:shutdownTimeout: 60000, moz:webdriverClick: true, moz:windowless: false, pageLoadStrategy: normal, platformName: linux, proxy: Proxy(), setWindowRect: true, strictFileInteractability: false, timeouts: {implicit: 0, pageLoad: 300000, script: 30000}, unhandledPromptBehavior: dismiss and notify, userAgent: Mozilla/5.0 (X11; Linux x86...}&#10;Session ID: 9e95d3c1-fc80-4eaa-9180-522798a15f8d" type="org.openqa.selenium.NoSuchSessionException">org.openqa.selenium.NoSuchSessionException: Tried to run command without establishing a connection
Build info: version: '4.25.0', revision: '8a8aea2337'
System info: os.name: 'Linux', os.arch: 'amd64', os.version: '6.14.0-36-generic', java.version: '17.0.12'
Driver info: org.openqa.selenium.firefox.FirefoxDriver
Command: [9e95d3c1-fc80-4eaa-9180-522798a15f8d, quit {}]
Capabilities {acceptInsecureCerts: true, browserName: firefox, browserVersion: 145.0.2, moz:accessibilityChecks: false, moz:buildID: 20251124145406, moz:geckodriverVersion: 0.36.0, moz:headless: false, moz:platformVersion: 6.14.0-36-generic, moz:processID: 28687, moz:profile: /tmp/rust_mozprofilepCxCac, moz:shutdownTimeout: 60000, moz:webdriverClick: true, moz:windowless: false, pageLoadStrategy: normal, platformName: linux, proxy: Proxy(), setWindowRect: true, strictFileInteractability: false, timeouts: {implicit: 0, pageLoad: 300000, script: 30000}, unhandledPromptBehavior: dismiss and notify, userAgent: Mozilla/5.0 (X11; Linux x86...}
Session ID: 9e95d3c1-fc80-4eaa-9180-522798a15f8d
	at java.base@17.0.12/jdk.internal.reflect.NativeConstructorAccessorImpl.newInstance0(Native Method)
	at java.base@17.0.12/jdk.internal.reflect.NativeConstructorAccessorImpl.newInstance(NativeConstructorAccessorImpl.java:77)
	at java.base@17.0.12/jdk.internal.reflect.DelegatingConstructorAccessorImpl.newInstance(DelegatingConstructorAccessorImpl.java:45)
	at java.base@17.0.12/java.lang.reflect.Constructor.newInstanceWithCaller(Constructor.java:499)
	at java.base@17.0.12/java.lang.reflect.Constructor.newInstance(Constructor.java:480)
	at app//org.openqa.selenium.remote.ErrorCodec.decode(ErrorCodec.java:167)
	at app//org.openqa.selenium.remote.codec.w3c.W3CHttpResponseCodec.decode(W3CHttpResponseCodec.java:138)
	at app//org.openqa.selenium.remote.codec.w3c.W3CHttpResponseCodec.decode(W3CHttpResponseCodec.java:50)
	at app//org.openqa.selenium.remote.HttpCommandExecutor.execute(HttpCommandExecutor.java:190)
	at app//org.openqa.selenium.remote.service.DriverCommandExecutor.invokeExecute(DriverCommandExecutor.java:216)
	at app//org.openqa.selenium.remote.service.DriverCommandExecutor.lambda$execute$1(DriverCommandExecutor.java:126)
	at java.base@17.0.12/java.util.concurrent.CompletableFuture$AsyncSupply.run(CompletableFuture.java:1768)
	at java.base@17.0.12/java.util.concurrent.ThreadPoolExecutor.runWorker(ThreadPoolExecutor.java:1136)
	at java.base@17.0.12/java.util.concurrent.ThreadPoolExecutor$Worker.run(ThreadPoolExecutor.java:635)
	at java.base@17.0.12/java.lang.Thread.run(Thread.java:842)
</failure>
  </testcase>
  <system-out><![CDATA[null
I am in onTestSuccess method activePluginShouldBeSuccessfulFromWpDirectoryPages succeed
I am in onTestStart method activePluginShouldBeSuccessfulFromWpDirectoryPages start
Element not found: By.xpath: //input[@id='search-plugins']
I am in onTestFailure method activePluginShouldBeSuccessfulFromWpDirectoryPages failed
I am in onTestFailure method activePluginShouldBeSuccessfulFromWpDirectoryPages failed
]]></system-out>
  <system-err><![CDATA[]]></system-err>
</testsuite>
