<?xml version="1.0" encoding="UTF-8"?>
<testsuite name="FlexTablePlugin.TestCases.AdminLoginPageTest" tests="2" skipped="0" failures="0" errors="0" timestamp="2025-12-06T05:32:51" hostname="acer" time="2.142">
  <properties/>
  <testcase name="checkLoginPageUrl" classname="FlexTablePlugin.TestCases.AdminLoginPageTest" time="0.156"/>
  <testcase name="loginShouldSucceed" classname="FlexTablePlugin.TestCases.AdminLoginPageTest" time="1.98"/>
  <system-out><![CDATA[Loading default .env file
null
I am in onTestSuccess method checkLoginPageUrl succeed
I am in onTestStart method checkLoginPageUrl start
null
I am in onTestSuccess method loginShouldSucceed succeed
I am in onTestStart method loginShouldSucceed start
]]></system-out>
  <system-err><![CDATA[]]></system-err>
</testsuite>
